Arguments: 
  /Users/ben/.nvm/versions/node/v13.0.1/bin/node /Users/ben/.yarn/bin/yarn.js

PATH: 
  /usr/local/Cellar/pyenv-virtualenv/1.1.3/shims:/Users/ben/.pyenv/shims:/Users/ben/.pyenv/bin:/usr/local/opt/ruby/bin:/Users/ben/.nvm/versions/node/v13.0.1/bin:/Users/ben/.fastlane/bin:/Users/ben/Documents/flutter/bin:/Users/ben/.yarn/bin:/Users/ben/.config/yarn/global/node_modules/.bin:/Users/ben/Downloads/cocos2d-x-3.16/templates:/Users/ben/Downloads:/Users/ben/Downloads/cocos2d-x-3.16/tools/cocos2d-console/bin:/Users/ben/.cargo/bin:/usr/local/bin:/usr/bin:/bin:/usr/sbin:/sbin:/Applications/VMware Fusion.app/Contents/Public:/usr/local/share/dotnet

Yarn version: 
  1.19.1

Node version: 
  13.0.1

Platform: 
  darwin x64

Trace: 
  Error: write EADDRNOTAVAIL
      at WriteWrap.onWriteComplete [as oncomplete] (internal/stream_base_commons.js:87:16)
      at TLSWrap.writeLatin1String (<anonymous>)
      at handleWriteReq (internal/stream_base_commons.js:53:21)
      at writeGeneric (internal/stream_base_commons.js:139:15)
      at TLSSocket.Socket._writeGeneric (net.js:771:11)
      at TLSSocket.Socket._write (net.js:783:8)
      at doWrite (_stream_writable.js:443:12)
      at clearBuffer (_stream_writable.js:552:7)
      at TLSSocket.Writable.uncork (_stream_writable.js:335:7)
      at ClientRequest._flushOutput (_http_outgoing.js:824:10)

npm manifest: 
  {
    "name": "universal-toolbox",
    "version": "0.0.9",
    "main": "lib/index.js",
    "license": "MIT",
    "scripts": {
      "dev": "rollup -c -w",
      "build": "rollup -c",
      "jest": "jest __test__/*.spec.ts --coverage"
    },
    "devDependencies": {
      "@babel/preset-env": "^7.4.5",
      "@babel/preset-typescript": "^7.3.3",
      "@types/jest": "^24.0.11",
      "jest": "^24.5.0",
      "rollup": "^1.6.0",
      "rollup-plugin-filesize": "^6.0.1",
      "rollup-plugin-typescript2": "^0.20.1",
      "ts-jest": "^24.0.0",
      "typescript": "^3.3.3333"
    },
    "dependencies": {}
  }

yarn manifest: 
  No manifest

Lockfile: 
  No lockfile
